0 info it worked if it ends with ok
1 verbose cli [ '/Volumes/Workspace/Softwares/node-v4.4.3/bin/node',
1 verbose cli   '/Volumes/Workspace/Softwares/node-v4.4.3/bin/npm',
1 verbose cli   'start' ]
2 info using npm@3.10.6
3 info using node@v4.4.3
4 verbose stack Error: missing script: start
4 verbose stack     at run (/Volumes/Workspace/Softwares/node-v4.4.3/lib/node_modules/npm/lib/run-script.js:151:19)
4 verbose stack     at /Volumes/Workspace/Softwares/node-v4.4.3/lib/node_modules/npm/lib/run-script.js:61:5
4 verbose stack     at /Volumes/Workspace/Softwares/node-v4.4.3/lib/node_modules/npm/node_modules/read-package-json/read-json.js:356:5
4 verbose stack     at checkBinReferences_ (/Volumes/Workspace/Softwares/node-v4.4.3/lib/node_modules/npm/node_modules/read-package-json/read-json.js:320:45)
4 verbose stack     at final (/Volumes/Workspace/Softwares/node-v4.4.3/lib/node_modules/npm/node_modules/read-package-json/read-json.js:354:3)
4 verbose stack     at then (/Volumes/Workspace/Softwares/node-v4.4.3/lib/node_modules/npm/node_modules/read-package-json/read-json.js:124:5)
4 verbose stack     at /Volumes/Workspace/Softwares/node-v4.4.3/lib/node_modules/npm/node_modules/read-package-json/read-json.js:243:12
4 verbose stack     at /Volumes/Workspace/Softwares/node-v4.4.3/lib/node_modules/npm/node_modules/graceful-fs/graceful-fs.js:78:16
4 verbose stack     at FSReqWrap.readFileAfterClose [as oncomplete] (fs.js:380:3)
5 verbose cwd /Volumes/Workspace/Projects/node/node4/ghost/test002/content/themes/anthem-0.0.2
6 error Darwin 16.1.0
7 error argv "/Volumes/Workspace/Softwares/node-v4.4.3/bin/node" "/Volumes/Workspace/Softwares/node-v4.4.3/bin/npm" "start"
8 error node v4.4.3
9 error npm  v3.10.6
10 error missing script: start
11 error If you need help, you may report this error at:
11 error     <https://github.com/npm/npm/issues>
12 verbose exit [ 1, true ]
